c:\Develop\uta_racedb (master -> origin)
λ venv_initial.bat

python -m venv venv

.\venv\Scripts\activate.bat

c:\Develop\uta_racedb (master -> origin)
(venv) λ venv_pip_install.bat

python.exe -m pip install --upgrade pip
Requirement already satisfied: pip in c:\develop\uta_racedb\venv\lib\site-packages (24.2)
Collecting pip
  Using cached pip-24.3.1-py3-none-any.whl.metadata (3.7 kB)
Using cached pip-24.3.1-py3-none-any.whl (1.8 MB)
Installing collected packages: pip
  Attempting uninstall: pip
    Found existing installation: pip 24.2
    Uninstalling pip-24.2:
      Successfully uninstalled pip-24.2
Successfully installed pip-24.3.1

pip install beautifulsoup4 lxml requests
Collecting beautifulsoup4
  Using cached beautifulsoup4-4.12.3-py3-none-any.whl.metadata (3.8 kB)
Collecting lxml
  Using cached lxml-5.3.0-cp312-cp312-win_amd64.whl.metadata (3.9 kB)
Collecting requests
  Using cached requests-2.32.3-py3-none-any.whl.metadata (4.6 kB)
Collecting soupsieve>1.2 (from beautifulsoup4)
  Using cached soupsieve-2.6-py3-none-any.whl.metadata (4.6 kB)
Collecting charset-normalizer<4,>=2 (from requests)
  Using cached charset_normalizer-3.4.0-cp312-cp312-win_amd64.whl.metadata (34 kB)
Collecting idna<4,>=2.5 (from requests)
  Using cached idna-3.10-py3-none-any.whl.metadata (10 kB)
Collecting urllib3<3,>=1.21.1 (from requests)
  Using cached urllib3-2.2.3-py3-none-any.whl.metadata (6.5 kB)
Collecting certifi>=2017.4.17 (from requests)
  Using cached certifi-2024.8.30-py3-none-any.whl.metadata (2.2 kB)
Using cached beautifulsoup4-4.12.3-py3-none-any.whl (147 kB)
Using cached lxml-5.3.0-cp312-cp312-win_amd64.whl (3.8 MB)
Using cached requests-2.32.3-py3-none-any.whl (64 kB)
Using cached certifi-2024.8.30-py3-none-any.whl (167 kB)
Using cached charset_normalizer-3.4.0-cp312-cp312-win_amd64.whl (102 kB)
Using cached idna-3.10-py3-none-any.whl (70 kB)
Using cached soupsieve-2.6-py3-none-any.whl (36 kB)
Using cached urllib3-2.2.3-py3-none-any.whl (126 kB)
Installing collected packages: urllib3, soupsieve, lxml, idna, charset-normalizer, certifi, requests, beautifulsoup4
Successfully installed beautifulsoup4-4.12.3 certifi-2024.8.30 charset-normalizer-3.4.0 idna-3.10 lxml-5.3.0 requests-2.32.3 soupsieve-2.6 urllib3-2.2.3

pip install pandas matplotlib
Collecting pandas
  Using cached pandas-2.2.3-cp312-cp312-win_amd64.whl.metadata (19 kB)
Collecting matplotlib
  Using cached matplotlib-3.9.2-cp312-cp312-win_amd64.whl.metadata (11 kB)
Collecting numpy>=1.26.0 (from pandas)
  Using cached numpy-2.1.3-cp312-cp312-win_amd64.whl.metadata (60 kB)
Collecting python-dateutil>=2.8.2 (from pandas)
  Using cached python_dateutil-2.9.0.post0-py2.py3-none-any.whl.metadata (8.4 kB)
Collecting pytz>=2020.1 (from pandas)
  Using cached pytz-2024.2-py2.py3-none-any.whl.metadata (22 kB)
Collecting tzdata>=2022.7 (from pandas)
  Using cached tzdata-2024.2-py2.py3-none-any.whl.metadata (1.4 kB)
Collecting contourpy>=1.0.1 (from matplotlib)
  Using cached contourpy-1.3.0-cp312-cp312-win_amd64.whl.metadata (5.4 kB)
Collecting cycler>=0.10 (from matplotlib)
  Using cached cycler-0.12.1-py3-none-any.whl.metadata (3.8 kB)
Collecting fonttools>=4.22.0 (from matplotlib)
  Using cached fonttools-4.54.1-cp312-cp312-win_amd64.whl.metadata (167 kB)
Collecting kiwisolver>=1.3.1 (from matplotlib)
  Using cached kiwisolver-1.4.7-cp312-cp312-win_amd64.whl.metadata (6.4 kB)
Collecting packaging>=20.0 (from matplotlib)
  Using cached packaging-24.2-py3-none-any.whl.metadata (3.2 kB)
Collecting pillow>=8 (from matplotlib)
  Using cached pillow-11.0.0-cp312-cp312-win_amd64.whl.metadata (9.3 kB)
Collecting pyparsing>=2.3.1 (from matplotlib)
  Using cached pyparsing-3.2.0-py3-none-any.whl.metadata (5.0 kB)
Collecting six>=1.5 (from python-dateutil>=2.8.2->pandas)
  Using cached six-1.16.0-py2.py3-none-any.whl.metadata (1.8 kB)
Using cached pandas-2.2.3-cp312-cp312-win_amd64.whl (11.5 MB)
Using cached matplotlib-3.9.2-cp312-cp312-win_amd64.whl (7.8 MB)
Using cached contourpy-1.3.0-cp312-cp312-win_amd64.whl (218 kB)
Using cached cycler-0.12.1-py3-none-any.whl (8.3 kB)
Using cached fonttools-4.54.1-cp312-cp312-win_amd64.whl (2.2 MB)
Using cached kiwisolver-1.4.7-cp312-cp312-win_amd64.whl (55 kB)
Using cached numpy-2.1.3-cp312-cp312-win_amd64.whl (12.6 MB)
Using cached packaging-24.2-py3-none-any.whl (65 kB)
Using cached pillow-11.0.0-cp312-cp312-win_amd64.whl (2.6 MB)
Using cached pyparsing-3.2.0-py3-none-any.whl (106 kB)
Using cached python_dateutil-2.9.0.post0-py2.py3-none-any.whl (229 kB)
Using cached pytz-2024.2-py2.py3-none-any.whl (508 kB)
Using cached tzdata-2024.2-py2.py3-none-any.whl (346 kB)
Using cached six-1.16.0-py2.py3-none-any.whl (11 kB)
Installing collected packages: pytz, tzdata, six, pyparsing, pillow, packaging, numpy, kiwisolver, fonttools, cycler, python-dateutil, contourpy, pandas, matplotlib
Successfully installed contourpy-1.3.0 cycler-0.12.1 fonttools-4.54.1 kiwisolver-1.4.7 matplotlib-3.9.2 numpy-2.1.3 packaging-24.2 pandas-2.2.3 pillow-11.0.0 pyparsing-3.2.0 python-dateutil-2.9.0.post0 pytz-2024.2 six-1.16.0 tzdata-2024.2

c:\Develop\uta_racedb (master -> origin)
(venv) λ
